<?xml version="1.0" encoding="UTF-8"?>
<!-- Generated by org.testng.reporters.JUnitReportReporter -->
<testsuite hostname="LAPTOP-8AGLCJ4U" failures="0" tests="1" name="Demo.Sample1" time="14.971" errors="0" timestamp="2024-11-26T22:59:09 IST" skipped="0">
  <testcase classname="Demo.Sample1" name="TC" time="14.971"/>
  <system-out/>
</testsuite> <!-- Demo.Sample1 -->
