<?xml version="1.0" encoding="UTF-8"?>
<!-- Generated by org.testng.reporters.JUnitReportReporter -->
<testsuite hostname="LAPTOP-8AGLCJ4U" failures="0" tests="3" name="Module2_HomePage_Test.SwagLabsTestClass2" time="21.708" errors="0" timestamp="2024-12-21T23:33:38 IST" skipped="0">
  <testcase classname="Module2_HomePage_Test.SwagLabsTestClass2" name="VerifyLogo" time="8.565"/>
  <system-out/>
  <testcase classname="Module2_HomePage_Test.SwagLabsTestClass2" name="ProductName" time="7.597"/>
  <system-out/>
  <testcase classname="Module2_HomePage_Test.SwagLabsTestClass2" name="ClickOnAddToCart" time="5.546"/>
  <system-out/>
</testsuite> <!-- Module2_HomePage_Test.SwagLabsTestClass2 -->
