<?xml version="1.0" encoding="UTF-8"?>
<!-- Generated by org.testng.reporters.JUnitReportReporter -->
<testsuite hostname="LAPTOP-8AGLCJ4U" failures="0" tests="1" name="Module1_login_Test.SwagLabsTestClass1" time="6.956" errors="0" timestamp="2024-12-18T23:43:26 IST" skipped="0">
  <testcase classname="Module1_login_Test.SwagLabsTestClass1" name="VerifyLogo" time="6.956"/>
</testsuite> <!-- Module1_login_Test.SwagLabsTestClass1 -->
