<?xml version="1.0" encoding="UTF-8"?>
<!-- Generated by org.testng.reporters.JUnitReportReporter -->
<testsuite hostname="LAPTOP-8AGLCJ4U" failures="0" tests="1" name="Demo.Sample2" time="28.647" errors="0" timestamp="2024-11-27T22:10:21 IST" skipped="0">
  <testcase classname="Demo.Sample2" name="TC" time="28.647"/>
</testsuite> <!-- Demo.Sample2 -->
